

Microchip MPLAB XC8 Assembler V2.40 build 20220703182018 
                                                                                               Sat Dec 10 18:36:50 2022

Microchip MPLAB XC8 C Compiler v2.40 (Free license) build 20220703182018 Og1 
     1                           	processor	18F45K50
     2                           	fnconf	rparam,??,?,0
     3                           	pagewidth 120
     4                           	opt	flic
     5                           	psect	cinit,global,reloc=2,class=CODE,delta=1
     6                           	psect	cstackCOMRAM,global,class=COMRAM,space=1,delta=1,lowdata,noexec
     7                           	psect	text0,global,reloc=2,class=CODE,delta=1
     8                           	psect	text1,global,reloc=2,class=CODE,delta=1
     9                           	psect	intsave_regs,global,class=BIGRAM,space=1,delta=1,noexec
    10                           	psect	rparam,global,class=COMRAM,space=1,delta=1,noexec
    11                           	psect	idloc,global,abs,ovrld,class=IDLOC,space=5,delta=1,noexec
    12                           	psect	config,global,abs,ovrld,class=CONFIG,space=4,delta=1,noexec
    13   000000                     
    14                           ; Generated 06/04/2022 GMT
    15                           ; 
    16                           ; Copyright © 2022, Microchip Technology Inc. and its subsidiaries ("Microchip")
    17                           ; All rights reserved.
    18                           ; 
    19                           ; This software is developed by Microchip Technology Inc. and its subsidiaries ("Microch
      +                          ip").
    20                           ; 
    21                           ; Redistribution and use in source and binary forms, with or without modification, are
    22                           ; permitted provided that the following conditions are met:
    23                           ; 
    24                           ;     1. Redistributions of source code must retain the above copyright notice, this lis
      +                          t of
    25                           ;        conditions and the following disclaimer.
    26                           ; 
    27                           ;     2. Redistributions in binary form must reproduce the above copyright notice, this 
      +                          list
    28                           ;        of conditions and the following disclaimer in the documentation and/or other
    29                           ;        materials provided with the distribution. Publication is not required when
    30                           ;        this file is used in an embedded application.
    31                           ; 
    32                           ;     3. Microchip's name may not be used to endorse or promote products derived from th
      +                          is
    33                           ;        software without specific prior written permission.
    34                           ; 
    35                           ; THIS SOFTWARE IS PROVIDED BY MICROCHIP "AS IS" AND ANY EXPRESS OR IMPLIED WARRANTIES,
    36                           ; INCLUDING, BUT NOT LIMITED TO, THE IMPLIED WARRANTIES OF MERCHANTABILITY AND FITNESS F
      +                          OR
    37                           ; PURPOSE ARE DISCLAIMED.  IN NO EVENT SHALL MICROCHIP BE LIABLE FOR ANY DIRECT, INDIREC
      +                          T,
    38                           ; INCIDENTAL, SPECIAL, EXEMPLARY, OR CONSEQUENTIAL DAMAGES (INCLUDING BUT NOT LIMITED TO
    39                           ; PROCUREMENT OF SUBSTITUTE GOODS OR SERVICES; LOSS OF USE, DATA OR PROFITS; OR BUSINESS
    40                           ; INTERRUPTION) HOWSOEVER CAUSED AND ON ANY THEORY OF LIABILITY, WHETHER IN CONTRACT, ST
      +                          RICT
    41                           ; LIABILITY, OR TORT (INCLUDING NEGLIGENCE OR OTHERWISE) ARISING IN ANY WAY OUT OF THE U
      +                          SE OF
    42                           ; THIS SOFTWARE, EVEN IF ADVISED OF THE POSSIBILITY OF SUCH DAMAGE.
    43                           ; 
    44                           ; 
    45                           ; Code-generator required, PIC18F45K50 Definitions
    46                           ; 
    47                           ; SFR Addresses
    48   000000                     _PORTAbits	set	3968
    49   000000                     _TRISB	set	3987
    50   000000                     _PORTBbits	set	3969
    51   000000                     _ADCON1	set	4033
    52   000000                     _ADCON0	set	4034
    53   000000                     _OSCCON	set	4051
    54   000000                     _T0CON	set	4053
    55   000000                     _TMR0	set	4054
    56                           
    57                           ; #config settings
    58                           
    59                           	psect	cinit
    60   007F0A                     __pcinit:
    61                           	callstack 0
    62   007F0A                     start_initialization:
    63                           	callstack 0
    64   007F0A                     __initialization:
    65                           	callstack 0
    66   007F0A                     end_of_initialization:
    67                           	callstack 0
    68   007F0A                     __end_of__initialization:
    69                           	callstack 0
    70   007F0A  0E00               	movlw	low (__Lmediumconst shr (0+16))
    71   007F0C  6EF8               	movwf	tblptru,c
    72   007F0E  0100               	movlb	0
    73   007F10  EF8A  F03F         	goto	_main	;jump to C main() function
    74                           
    75                           	psect	cstackCOMRAM
    76   000001                     __pcstackCOMRAM:
    77                           	callstack 0
    78   000001                     light_lamp@num:
    79                           	callstack 0
    80                           
    81                           ; 2 bytes @ 0x0
    82   000001                     	ds	2
    83   000003                     ??_light_lamp:
    84                           
    85                           ; 1 bytes @ 0x2
    86   000003                     	ds	2
    87   000005                     main@counter:
    88                           	callstack 0
    89                           
    90                           ; 2 bytes @ 0x4
    91   000005                     	ds	2
    92                           
    93 ;;
    94 ;;Main: autosize = 0, tempsize = 0, incstack = 0, save=0
    95 ;;
    96 ;; *************** function _main *****************
    97 ;; Defined at:
    98 ;;		line 37 in file "main.c"
    99 ;; Parameters:    Size  Location     Type
   100 ;;		None
   101 ;; Auto vars:     Size  Location     Type
   102 ;;  counter         2    4[COMRAM] int 
   103 ;; Return value:  Size  Location     Type
   104 ;;                  1    wreg      void 
   105 ;; Registers used:
   106 ;;		wreg, status,2, status,0, cstack
   107 ;; Tracked objects:
   108 ;;		On entry : 0/0
   109 ;;		On exit  : 0/0
   110 ;;		Unchanged: 0/0
   111 ;; Data sizes:     COMRAM   BANK0   BANK1   BANK2   BANK3   BANK4   BANK5   BANK6   BANK7
   112 ;;      Params:         0       0       0       0       0       0       0       0       0
   113 ;;      Locals:         2       0       0       0       0       0       0       0       0
   114 ;;      Temps:          0       0       0       0       0       0       0       0       0
   115 ;;      Totals:         2       0       0       0       0       0       0       0       0
   116 ;;Total ram usage:        2 bytes
   117 ;; Hardware stack levels required when called: 1
   118 ;; This function calls:
   119 ;;		_light_lamp
   120 ;; This function is called by:
   121 ;;		Startup code after reset
   122 ;; This function uses a non-reentrant model
   123 ;;
   124                           
   125                           	psect	text0
   126   007F14                     __ptext0:
   127                           	callstack 0
   128   007F14                     _main:
   129                           	callstack 30
   130   007F14                     
   131                           ;main.c: 38:     TRISB= 0x00;
   132   007F14  0E00               	movlw	0
   133   007F16  6E93               	movwf	147,c	;volatile
   134                           
   135                           ;main.c: 39:     ADCON0= 0x00;
   136   007F18  0E00               	movlw	0
   137   007F1A  6EC2               	movwf	194,c	;volatile
   138                           
   139                           ;main.c: 40:     ADCON1= 0x0F;
   140   007F1C  0E0F               	movlw	15
   141   007F1E  6EC1               	movwf	193,c	;volatile
   142                           
   143                           ;main.c: 41:     OSCCON= 0b01110100;
   144   007F20  0E74               	movlw	116
   145   007F22  6ED3               	movwf	211,c	;volatile
   146                           
   147                           ;main.c: 42:     T0CON= 0x87;
   148   007F24  0E87               	movlw	135
   149   007F26  6ED5               	movwf	213,c	;volatile
   150                           
   151                           ;main.c: 43:     TMR0= 0;
   152   007F28  0E00               	movlw	0
   153   007F2A  6ED7               	movwf	215,c	;volatile
   154   007F2C  0E00               	movlw	0
   155   007F2E  6ED6               	movwf	214,c	;volatile
   156                           
   157                           ;main.c: 45:     int counter = 0;
   158   007F30  0E00               	movlw	0
   159   007F32  6E06               	movwf	(main@counter+1)^0,c
   160   007F34  0E00               	movlw	0
   161   007F36  6E05               	movwf	main@counter^0,c
   162                           
   163                           ;main.c: 46:     while (TMR0 < 7812) {
   164   007F38  EFAA  F03F         	goto	l754
   165   007F3C                     l748:
   166                           
   167                           ;main.c: 47:         light_lamp(counter);
   168   007F3C  C005  F001         	movff	main@counter,light_lamp@num
   169   007F40  C006  F002         	movff	main@counter+1,light_lamp@num+1
   170   007F44  ECB7  F03F         	call	_light_lamp	;wreg free
   171   007F48                     
   172                           ;main.c: 48:         counter++;
   173   007F48  4A05               	infsnz	main@counter^0,f,c
   174   007F4A  2A06               	incf	(main@counter+1)^0,f,c
   175   007F4C                     
   176                           ;main.c: 49:         TMR0 = 0;
   177   007F4C  0E00               	movlw	0
   178   007F4E  6ED7               	movwf	215,c	;volatile
   179   007F50  0E00               	movlw	0
   180   007F52  6ED6               	movwf	214,c	;volatile
   181   007F54                     l754:
   182                           
   183                           ;main.c: 46:     while (TMR0 < 7812) {
   184   007F54  0E84               	movlw	132
   185   007F56  5CD6               	subwf	214,w,c	;volatile
   186   007F58  0E1E               	movlw	30
   187   007F5A  58D7               	subwfb	215,w,c	;volatile
   188   007F5C  A0D8               	btfss	status,0,c
   189   007F5E  EFB3  F03F         	goto	u21
   190   007F62  EFB5  F03F         	goto	u20
   191   007F66                     u21:
   192   007F66  EF9E  F03F         	goto	l748
   193   007F6A                     u20:
   194   007F6A  EF00  F000         	goto	start
   195   007F6E                     __end_of_main:
   196                           	callstack 0
   197                           
   198 ;; *************** function _light_lamp *****************
   199 ;; Defined at:
   200 ;;		line 4 in file "main.c"
   201 ;; Parameters:    Size  Location     Type
   202 ;;  num             2    0[COMRAM] int 
   203 ;; Auto vars:     Size  Location     Type
   204 ;;		None
   205 ;; Return value:  Size  Location     Type
   206 ;;                  1    wreg      void 
   207 ;; Registers used:
   208 ;;		wreg, status,2, status,0
   209 ;; Tracked objects:
   210 ;;		On entry : 0/0
   211 ;;		On exit  : 0/0
   212 ;;		Unchanged: 0/0
   213 ;; Data sizes:     COMRAM   BANK0   BANK1   BANK2   BANK3   BANK4   BANK5   BANK6   BANK7
   214 ;;      Params:         2       0       0       0       0       0       0       0       0
   215 ;;      Locals:         0       0       0       0       0       0       0       0       0
   216 ;;      Temps:          2       0       0       0       0       0       0       0       0
   217 ;;      Totals:         4       0       0       0       0       0       0       0       0
   218 ;;Total ram usage:        4 bytes
   219 ;; Hardware stack levels used: 1
   220 ;; This function calls:
   221 ;;		Nothing
   222 ;; This function is called by:
   223 ;;		_main
   224 ;; This function uses a non-reentrant model
   225 ;;
   226                           
   227                           	psect	text1
   228   007F6E                     __ptext1:
   229                           	callstack 0
   230   007F6E                     _light_lamp:
   231                           	callstack 30
   232   007F6E                     
   233                           ;main.c: 5:     switch (num) {
   234   007F6E  EFD5  F03F         	goto	l740
   235   007F72                     l20:
   236                           
   237                           ;main.c: 7:             PORTAbits.RA0 = 0;
   238   007F72  9080               	bcf	128,0,c	;volatile
   239                           
   240                           ;main.c: 8:             PORTBbits.RB0 = 1;
   241   007F74  8081               	bsf	129,0,c	;volatile
   242                           
   243                           ;main.c: 9:             break;
   244   007F76  EFFF  F03F         	goto	l28
   245   007F7A                     l22:
   246                           
   247                           ;main.c: 11:             PORTBbits.RB0 = 0;
   248   007F7A  9081               	bcf	129,0,c	;volatile
   249                           
   250                           ;main.c: 12:             PORTBbits.RB1 = 1;
   251   007F7C  8281               	bsf	129,1,c	;volatile
   252                           
   253                           ;main.c: 13:             break;
   254   007F7E  EFFF  F03F         	goto	l28
   255   007F82                     l23:
   256                           
   257                           ;main.c: 15:             PORTBbits.RB1 = 0;
   258   007F82  9281               	bcf	129,1,c	;volatile
   259                           
   260                           ;main.c: 16:             PORTBbits.RB2 = 1;
   261   007F84  8481               	bsf	129,2,c	;volatile
   262                           
   263                           ;main.c: 17:             break;
   264   007F86  EFFF  F03F         	goto	l28
   265   007F8A                     l24:
   266                           
   267                           ;main.c: 19:             PORTBbits.RB2 = 0;
   268   007F8A  9481               	bcf	129,2,c	;volatile
   269                           
   270                           ;main.c: 20:             PORTBbits.RB3 = 1;
   271   007F8C  8681               	bsf	129,3,c	;volatile
   272                           
   273                           ;main.c: 21:             break;
   274   007F8E  EFFF  F03F         	goto	l28
   275   007F92                     l25:
   276                           
   277                           ;main.c: 23:             PORTBbits.RB3 = 0;
   278   007F92  9681               	bcf	129,3,c	;volatile
   279                           
   280                           ;main.c: 24:             PORTBbits.RB4 = 1;
   281   007F94  8881               	bsf	129,4,c	;volatile
   282                           
   283                           ;main.c: 25:             break;
   284   007F96  EFFF  F03F         	goto	l28
   285   007F9A                     l26:
   286                           
   287                           ;main.c: 27:             PORTBbits.RB4 = 0;
   288   007F9A  9881               	bcf	129,4,c	;volatile
   289                           
   290                           ;main.c: 28:             PORTBbits.RB5 = 1;
   291   007F9C  8A81               	bsf	129,5,c	;volatile
   292                           
   293                           ;main.c: 29:             break;
   294   007F9E  EFFF  F03F         	goto	l28
   295   007FA2                     l27:
   296                           
   297                           ;main.c: 31:             PORTBbits.RB5 = 0;
   298   007FA2  9A81               	bcf	129,5,c	;volatile
   299                           
   300                           ;main.c: 32:             PORTAbits.RA1 = 1;
   301   007FA4  8280               	bsf	128,1,c	;volatile
   302                           
   303                           ;main.c: 33:             break;
   304   007FA6  EFFF  F03F         	goto	l28
   305   007FAA                     l740:
   306   007FAA  C001  F003         	movff	light_lamp@num,??_light_lamp
   307   007FAE  C002  F004         	movff	light_lamp@num+1,??_light_lamp+1
   308                           
   309                           ; Switch on 2 bytes has been partitioned into a top level switch of size 1, and 1 sub-sw
      +                          itches
   310                           ; Switch size 1, requested type "simple"
   311                           ; Number of cases is 1, Range of values is 0 to 0
   312                           ; switch strategies available:
   313                           ; Name         Instructions Cycles
   314                           ; simple_byte            4     3 (average)
   315                           ;	Chosen strategy is simple_byte
   316   007FB2  5004               	movf	(??_light_lamp+1)^0,w,c
   317   007FB4  0A00               	xorlw	0	; case 0
   318   007FB6  B4D8               	btfsc	status,2,c
   319   007FB8  EFE0  F03F         	goto	l760
   320   007FBC  EFFF  F03F         	goto	l28
   321   007FC0                     l760:
   322                           
   323                           ; Switch size 1, requested type "simple"
   324                           ; Number of cases is 7, Range of values is 0 to 6
   325                           ; switch strategies available:
   326                           ; Name         Instructions Cycles
   327                           ; simple_byte           22    12 (average)
   328                           ;	Chosen strategy is simple_byte
   329   007FC0  5003               	movf	??_light_lamp^0,w,c
   330   007FC2  0A00               	xorlw	0	; case 0
   331   007FC4  B4D8               	btfsc	status,2,c
   332   007FC6  EFB9  F03F         	goto	l20
   333   007FCA  0A01               	xorlw	1	; case 1
   334   007FCC  B4D8               	btfsc	status,2,c
   335   007FCE  EFBD  F03F         	goto	l22
   336   007FD2  0A03               	xorlw	3	; case 2
   337   007FD4  B4D8               	btfsc	status,2,c
   338   007FD6  EFC1  F03F         	goto	l23
   339   007FDA  0A01               	xorlw	1	; case 3
   340   007FDC  B4D8               	btfsc	status,2,c
   341   007FDE  EFC5  F03F         	goto	l24
   342   007FE2  0A07               	xorlw	7	; case 4
   343   007FE4  B4D8               	btfsc	status,2,c
   344   007FE6  EFC9  F03F         	goto	l25
   345   007FEA  0A01               	xorlw	1	; case 5
   346   007FEC  B4D8               	btfsc	status,2,c
   347   007FEE  EFCD  F03F         	goto	l26
   348   007FF2  0A03               	xorlw	3	; case 6
   349   007FF4  B4D8               	btfsc	status,2,c
   350   007FF6  EFD1  F03F         	goto	l27
   351   007FFA  EFFF  F03F         	goto	l28
   352   007FFE                     l28:
   353   007FFE  0012               	return		;funcret
   354   008000                     __end_of_light_lamp:
   355                           	callstack 0
   356   000000                     
   357                           	psect	rparam
   358   000000                     
   359                           	psect	idloc
   360                           
   361                           ;Config register IDLOC0 @ 0x200000
   362                           ;	unspecified, using default values
   363   200000                     	org	2097152
   364   200000  FF                 	db	255
   365                           
   366                           ;Config register IDLOC1 @ 0x200001
   367                           ;	unspecified, using default values
   368   200001                     	org	2097153
   369   200001  FF                 	db	255
   370                           
   371                           ;Config register IDLOC2 @ 0x200002
   372                           ;	unspecified, using default values
   373   200002                     	org	2097154
   374   200002  FF                 	db	255
   375                           
   376                           ;Config register IDLOC3 @ 0x200003
   377                           ;	unspecified, using default values
   378   200003                     	org	2097155
   379   200003  FF                 	db	255
   380                           
   381                           ;Config register IDLOC4 @ 0x200004
   382                           ;	unspecified, using default values
   383   200004                     	org	2097156
   384   200004  FF                 	db	255
   385                           
   386                           ;Config register IDLOC5 @ 0x200005
   387                           ;	unspecified, using default values
   388   200005                     	org	2097157
   389   200005  FF                 	db	255
   390                           
   391                           ;Config register IDLOC6 @ 0x200006
   392                           ;	unspecified, using default values
   393   200006                     	org	2097158
   394   200006  FF                 	db	255
   395                           
   396                           ;Config register IDLOC7 @ 0x200007
   397                           ;	unspecified, using default values
   398   200007                     	org	2097159
   399   200007  FF                 	db	255
   400                           
   401                           	psect	config
   402                           
   403                           ;Config register CONFIG1L @ 0x300000
   404                           ;	unspecified, using default values
   405                           ;	PLL Selection
   406                           ;	PLLSEL = 0x0, unprogrammed default
   407                           ;	PLL Enable Configuration bit
   408                           ;	CFGPLLEN = 0x0, unprogrammed default
   409                           ;	CPU System Clock Postscaler
   410                           ;	CPUDIV = 0x0, unprogrammed default
   411                           ;	Low Speed USB mode with 48 MHz system clock
   412                           ;	LS48MHZ = 0x0, unprogrammed default
   413   300000                     	org	3145728
   414   300000  00                 	db	0
   415                           
   416                           ;Config register CONFIG1H @ 0x300001
   417                           ;	unspecified, using default values
   418                           ;	Oscillator Selection
   419                           ;	FOSC = 0x5, unprogrammed default
   420                           ;	Primary Oscillator Shutdown
   421                           ;	PCLKEN = 0x1, unprogrammed default
   422                           ;	Fail-Safe Clock Monitor
   423                           ;	FCMEN = 0x0, unprogrammed default
   424                           ;	Internal/External Oscillator Switchover
   425                           ;	IESO = 0x0, unprogrammed default
   426   300001                     	org	3145729
   427   300001  25                 	db	37
   428                           
   429                           ;Config register CONFIG2L @ 0x300002
   430                           ;	unspecified, using default values
   431                           ;	Power-up Timer Enable
   432                           ;	nPWRTEN = 0x1, unprogrammed default
   433                           ;	Brown-out Reset Enable
   434                           ;	BOREN = 0x3, unprogrammed default
   435                           ;	Brown-out Reset Voltage
   436                           ;	BORV = 0x3, unprogrammed default
   437                           ;	Low-Power Brown-out Reset
   438                           ;	nLPBOR = 0x1, unprogrammed default
   439   300002                     	org	3145730
   440   300002  5F                 	db	95
   441                           
   442                           ;Config register CONFIG2H @ 0x300003
   443                           ;	unspecified, using default values
   444                           ;	Watchdog Timer Enable bits
   445                           ;	WDTEN = 0x3, unprogrammed default
   446                           ;	Watchdog Timer Postscaler
   447                           ;	WDTPS = 0xF, unprogrammed default
   448   300003                     	org	3145731
   449   300003  3F                 	db	63
   450                           
   451                           ; Padding undefined space
   452   300004                     	org	3145732
   453   300004  FF                 	db	255
   454                           
   455                           ;Config register CONFIG3H @ 0x300005
   456                           ;	unspecified, using default values
   457                           ;	CCP2 MUX bit
   458                           ;	CCP2MX = 0x1, unprogrammed default
   459                           ;	PORTB A/D Enable bit
   460                           ;	PBADEN = 0x1, unprogrammed default
   461                           ;	Timer3 Clock Input MUX bit
   462                           ;	T3CMX = 0x1, unprogrammed default
   463                           ;	SDO Output MUX bit
   464                           ;	SDOMX = 0x1, unprogrammed default
   465                           ;	Master Clear Reset Pin Enable
   466                           ;	MCLRE = 0x1, unprogrammed default
   467   300005                     	org	3145733
   468   300005  D3                 	db	211
   469                           
   470                           ;Config register CONFIG4L @ 0x300006
   471                           ;	unspecified, using default values
   472                           ;	Stack Full/Underflow Reset
   473                           ;	STVREN = 0x1, unprogrammed default
   474                           ;	Single-Supply ICSP Enable bit
   475                           ;	LVP = 0x1, unprogrammed default
   476                           ;	Dedicated In-Circuit Debug/Programming Port Enable
   477                           ;	ICPRT = 0x0, unprogrammed default
   478                           ;	Extended Instruction Set Enable bit
   479                           ;	XINST = 0x0, unprogrammed default
   480                           ;	Background Debugger Enable bit
   481                           ;	DEBUG = 0x1, unprogrammed default
   482   300006                     	org	3145734
   483   300006  85                 	db	133
   484                           
   485                           ; Padding undefined space
   486   300007                     	org	3145735
   487   300007  FF                 	db	255
   488                           
   489                           ;Config register CONFIG5L @ 0x300008
   490                           ;	unspecified, using default values
   491                           ;	Block 0 Code Protect
   492                           ;	CP0 = 0x1, unprogrammed default
   493                           ;	Block 1 Code Protect
   494                           ;	CP1 = 0x1, unprogrammed default
   495                           ;	Block 2 Code Protect
   496                           ;	CP2 = 0x1, unprogrammed default
   497                           ;	Block 3 Code Protect
   498                           ;	CP3 = 0x1, unprogrammed default
   499   300008                     	org	3145736
   500   300008  0F                 	db	15
   501                           
   502                           ;Config register CONFIG5H @ 0x300009
   503                           ;	unspecified, using default values
   504                           ;	Boot Block Code Protect
   505                           ;	CPB = 0x1, unprogrammed default
   506                           ;	Data EEPROM Code Protect
   507                           ;	CPD = 0x1, unprogrammed default
   508   300009                     	org	3145737
   509   300009  C0                 	db	192
   510                           
   511                           ;Config register CONFIG6L @ 0x30000A
   512                           ;	unspecified, using default values
   513                           ;	Block 0 Write Protect
   514                           ;	WRT0 = 0x1, unprogrammed default
   515                           ;	Block 1 Write Protect
   516                           ;	WRT1 = 0x1, unprogrammed default
   517                           ;	Block 2 Write Protect
   518                           ;	WRT2 = 0x1, unprogrammed default
   519                           ;	Block 3 Write Protect
   520                           ;	WRT3 = 0x1, unprogrammed default
   521   30000A                     	org	3145738
   522   30000A  0F                 	db	15
   523                           
   524                           ;Config register CONFIG6H @ 0x30000B
   525                           ;	unspecified, using default values
   526                           ;	Configuration Registers Write Protect
   527                           ;	WRTC = 0x1, unprogrammed default
   528                           ;	Boot Block Write Protect
   529                           ;	WRTB = 0x1, unprogrammed default
   530                           ;	Data EEPROM Write Protect
   531                           ;	WRTD = 0x1, unprogrammed default
   532   30000B                     	org	3145739
   533   30000B  E0                 	db	224
   534                           
   535                           ;Config register CONFIG7L @ 0x30000C
   536                           ;	unspecified, using default values
   537                           ;	Block 0 Table Read Protect
   538                           ;	EBTR0 = 0x1, unprogrammed default
   539                           ;	Block 1 Table Read Protect
   540                           ;	EBTR1 = 0x1, unprogrammed default
   541                           ;	Block 2 Table Read Protect
   542                           ;	EBTR2 = 0x1, unprogrammed default
   543                           ;	Block 3 Table Read Protect
   544                           ;	EBTR3 = 0x1, unprogrammed default
   545   30000C                     	org	3145740
   546   30000C  0F                 	db	15
   547                           
   548                           ;Config register CONFIG7H @ 0x30000D
   549                           ;	unspecified, using default values
   550                           ;	Boot Block Table Read Protect
   551                           ;	EBTRB = 0x1, unprogrammed default
   552   30000D                     	org	3145741
   553   30000D  40                 	db	64
   554                           tosu	equ	0xFFF
   555                           tosh	equ	0xFFE
   556                           tosl	equ	0xFFD
   557                           stkptr	equ	0xFFC
   558                           pclatu	equ	0xFFB
   559                           pclath	equ	0xFFA
   560                           pcl	equ	0xFF9
   561                           tblptru	equ	0xFF8
   562                           tblptrh	equ	0xFF7
   563                           tblptrl	equ	0xFF6
   564                           tablat	equ	0xFF5
   565                           prodh	equ	0xFF4
   566                           prodl	equ	0xFF3
   567                           indf0	equ	0xFEF
   568                           postinc0	equ	0xFEE
   569                           postdec0	equ	0xFED
   570                           preinc0	equ	0xFEC
   571                           plusw0	equ	0xFEB
   572                           fsr0h	equ	0xFEA
   573                           fsr0l	equ	0xFE9
   574                           wreg	equ	0xFE8
   575                           indf1	equ	0xFE7
   576                           postinc1	equ	0xFE6
   577                           postdec1	equ	0xFE5
   578                           preinc1	equ	0xFE4
   579                           plusw1	equ	0xFE3
   580                           fsr1h	equ	0xFE2
   581                           fsr1l	equ	0xFE1
   582                           bsr	equ	0xFE0
   583                           indf2	equ	0xFDF
   584                           postinc2	equ	0xFDE
   585                           postdec2	equ	0xFDD
   586                           preinc2	equ	0xFDC
   587                           plusw2	equ	0xFDB
   588                           fsr2h	equ	0xFDA
   589                           fsr2l	equ	0xFD9
   590                           status	equ	0xFD8

Data Sizes:
    Strings     0
    Constant    0
    Data        0
    BSS         0
    Persistent  0
    Stack       0

Auto Spaces:
    Space          Size  Autos    Used
    COMRAM           95      6       6
    BANK0           160      0       0
    BANK1           256      0       0
    BANK2           256      0       0
    BANK3           256      0       0
    BANK4           256      0       0
    BANK5           256      0       0
    BANK6           256      0       0
    BANK7           256      0       0

Pointer List with Targets:

    None.

Critical Paths under _main in COMRAM

    _main->_light_lamp

Critical Paths under _main in BANK0

    None.

Critical Paths under _main in BANK1

    None.

Critical Paths under _main in BANK2

    None.

Critical Paths under _main in BANK3

    None.

Critical Paths under _main in BANK4

    None.

Critical Paths under _main in BANK5

    None.

Critical Paths under _main in BANK6

    None.

Critical Paths under _main in BANK7

    None.

Call Graph Tables:

 ---------------------------------------------------------------------------------
 (Depth) Function   	        Calls       Base Space   Used Autos Params    Refs
 ---------------------------------------------------------------------------------
 (0) _main                                                 2     2      0     122
                                              4 COMRAM     2     2      0
                         _light_lamp
 ---------------------------------------------------------------------------------
 (1) _light_lamp                                           4     2      2      98
                                              0 COMRAM     4     2      2
 ---------------------------------------------------------------------------------
 Estimated maximum stack depth 1
 ---------------------------------------------------------------------------------

 Call Graph Graphs:

 _main (ROOT)
   _light_lamp

 Address spaces:
Name               Size   Autos  Total    Cost      Usage
BITCOMRAM           5F      0       0       0        0.0%
EEDATA             100      0       0       0        0.0%
NULL                 0      0       0       0        0.0%
CODE                 0      0       0       0        0.0%
COMRAM              5F      6       6       1        6.3%
STACK                0      0       0       2        0.0%
DATA                 0      0       0       3        0.0%
BITBANK0            A0      0       0       4        0.0%
BANK0               A0      0       0       5        0.0%
BITBANK1           100      0       0       6        0.0%
BANK1              100      0       0       7        0.0%
BITBANK2           100      0       0       8        0.0%
BANK2              100      0       0       9        0.0%
BITBANK3           100      0       0      10        0.0%
BANK3              100      0       0      11        0.0%
BITBANK4           100      0       0      12        0.0%
BANK4              100      0       0      13        0.0%
BITBANK5           100      0       0      14        0.0%
BANK5              100      0       0      15        0.0%
BITBANK6           100      0       0      16        0.0%
BANK6              100      0       0      17        0.0%
BITBANK7           100      0       0      18        0.0%
BANK7              100      0       0      19        0.0%
BITBIGSFRhhhhh      28      0       0      20        0.0%
BITBIGSFRhhhhl       1      0       0      21        0.0%
BITBIGSFRhhhl       10      0       0      22        0.0%
BITBIGSFRhhl        2D      0       0      23        0.0%
BITBIGSFRhl         11      0       0      24        0.0%
BITBIGSFRl          2D      0       0      25        0.0%
ABS                  0      0       0      26        0.0%
BIGRAM             7FF      0       0      27        0.0%
BIGSFR               0      0       0     200        0.0%
BITSFR_1             0      0       0     200        0.0%
SFR_1                0      0       0     200        0.0%
BITSFR               0      0       0     200        0.0%
SFR                  0      0       0     200        0.0%


Microchip Technology PIC18 Macro Assembler V2.40 build 20220703182018 
Symbol Table                                                                                   Sat Dec 10 18:36:50 2022

                     l20 7F72                       l22 7F7A                       l23 7F82  
                     l24 7F8A                       l25 7F92                       l26 7F9A  
                     l27 7FA2                       l28 7FFE                       l36 7F6A  
                     u20 7F6A                       u21 7F66                      l740 7FAA  
                    l750 7F48                      l760 7FC0                      l736 7F6E  
                    l752 7F4C                      l754 7F54                      l746 7F14  
                    l748 7F3C              main@counter 0005                     _TMR0 000FD6  
                   _main 7F14                     start 0000             ___param_bank 000000  
                  ?_main 0001                    _T0CON 000FD5                    _TRISB 000F93  
                  status 000FD8          __initialization 7F0A             __end_of_main 7F6E  
                 ??_main 0005            __activetblptr 000002                   _ADCON0 000FC2  
                 _ADCON1 000FC1                   _OSCCON 000FD3                   isa$std 000001  
                 tblptru 000FF8               __accesstop 0060  __end_of__initialization 7F0A  
          ___rparam_used 000001           __pcstackCOMRAM 0001                  __Hparam 0000  
                __Lparam 0000               _light_lamp 7F6E                  __pcinit 7F0A  
                __ramtop 0800                  __ptext0 7F14                  __ptext1 7F6E  
   end_of_initialization 7F0A            __Lmediumconst 0000                _PORTAbits 000F80  
              _PORTBbits 000F81              ?_light_lamp 0001      start_initialization 7F0A  
               __Hrparam 0000                 __Lrparam 0000             ??_light_lamp 0003  
          light_lamp@num 0001       __end_of_light_lamp 8000                 isa$xinst 000000  
